The system is: Linux - 4.9.87-linuxkit-aufs - x86_64
Compiling the C compiler identification source file "CMakeCCompilerId.c" succeeded.
Compiler: /usr/bin/cc 
Build flags: 
Id flags: 

The output was:
0


Compilation of the C compiler identification source "CMakeCCompilerId.c" produced "a.out"

The C compiler identification is GNU, found in "/root/share/fluent-bit/bin/CMakeFiles/2.8.12.2/CompilerIdC/a.out"

Compiling the CXX compiler identification source file "CMakeCXXCompilerId.cpp" succeeded.
Compiler: /usr/bin/c++ 
Build flags: 
Id flags: 

The output was:
0


Compilation of the CXX compiler identification source "CMakeCXXCompilerId.cpp" produced "a.out"

The CXX compiler identification is GNU, found in "/root/share/fluent-bit/bin/CMakeFiles/2.8.12.2/CompilerIdCXX/a.out"

Determining if the C compiler works passed with the following output:
Change Dir: /root/share/fluent-bit/bin/CMakeFiles/CMakeTmp

Run Build Command:/usr/bin/gmake "cmTryCompileExec704390157/fast"
/usr/bin/gmake -f CMakeFiles/cmTryCompileExec704390157.dir/build.make CMakeFiles/cmTryCompileExec704390157.dir/build
gmake[1]: Entering directory `/root/share/fluent-bit/bin/CMakeFiles/CMakeTmp'
/usr/bin/cmake -E cmake_progress_report /root/share/fluent-bit/bin/CMakeFiles/CMakeTmp/CMakeFiles 1
Building C object CMakeFiles/cmTryCompileExec704390157.dir/testCCompiler.c.o
/usr/bin/cc    -o CMakeFiles/cmTryCompileExec704390157.dir/testCCompiler.c.o   -c /root/share/fluent-bit/bin/CMakeFiles/CMakeTmp/testCCompiler.c
Linking C executable cmTryCompileExec704390157
/usr/bin/cmake -E cmake_link_script CMakeFiles/cmTryCompileExec704390157.dir/link.txt --verbose=1
/usr/bin/cc       CMakeFiles/cmTryCompileExec704390157.dir/testCCompiler.c.o  -o cmTryCompileExec704390157 -rdynamic 
gmake[1]: Leaving directory `/root/share/fluent-bit/bin/CMakeFiles/CMakeTmp'


Detecting C compiler ABI info compiled with the following output:
Change Dir: /root/share/fluent-bit/bin/CMakeFiles/CMakeTmp

Run Build Command:/usr/bin/gmake "cmTryCompileExec1918412659/fast"
/usr/bin/gmake -f CMakeFiles/cmTryCompileExec1918412659.dir/build.make CMakeFiles/cmTryCompileExec1918412659.dir/build
gmake[1]: Entering directory `/root/share/fluent-bit/bin/CMakeFiles/CMakeTmp'
/usr/bin/cmake -E cmake_progress_report /root/share/fluent-bit/bin/CMakeFiles/CMakeTmp/CMakeFiles 1
Building C object CMakeFiles/cmTryCompileExec1918412659.dir/CMakeCCompilerABI.c.o
/usr/bin/cc    -o CMakeFiles/cmTryCompileExec1918412659.dir/CMakeCCompilerABI.c.o   -c /usr/share/cmake/Modules/CMakeCCompilerABI.c
Linking C executable cmTryCompileExec1918412659
/usr/bin/cmake -E cmake_link_script CMakeFiles/cmTryCompileExec1918412659.dir/link.txt --verbose=1
/usr/bin/cc     -v CMakeFiles/cmTryCompileExec1918412659.dir/CMakeCCompilerABI.c.o  -o cmTryCompileExec1918412659 -rdynamic  
Using built-in specs.
COLLECT_GCC=/usr/bin/cc
COLLECT_LTO_WRAPPER=/usr/libexec/gcc/x86_64-redhat-linux/4.8.5/lto-wrapper
Target: x86_64-redhat-linux
Configured with: ../configure --prefix=/usr --mandir=/usr/share/man --infodir=/usr/share/info --with-bugurl=http://bugzilla.redhat.com/bugzilla --enable-bootstrap --enable-shared --enable-threads=posix --enable-checking=release --with-system-zlib --enable-__cxa_atexit --disable-libunwind-exceptions --enable-gnu-unique-object --enable-linker-build-id --with-linker-hash-style=gnu --enable-languages=c,c++,objc,obj-c++,java,fortran,ada,go,lto --enable-plugin --enable-initfini-array --disable-libgcj --with-isl=/builddir/build/BUILD/gcc-4.8.5-20150702/obj-x86_64-redhat-linux/isl-install --with-cloog=/builddir/build/BUILD/gcc-4.8.5-20150702/obj-x86_64-redhat-linux/cloog-install --enable-gnu-indirect-function --with-tune=generic --with-arch_32=x86-64 --build=x86_64-redhat-linux
Thread model: posix
gcc version 4.8.5 20150623 (Red Hat 4.8.5-16) (GCC) 
COMPILER_PATH=/usr/libexec/gcc/x86_64-redhat-linux/4.8.5/:/usr/libexec/gcc/x86_64-redhat-linux/4.8.5/:/usr/libexec/gcc/x86_64-redhat-linux/:/usr/lib/gcc/x86_64-redhat-linux/4.8.5/:/usr/lib/gcc/x86_64-redhat-linux/
LIBRARY_PATH=/usr/lib/gcc/x86_64-redhat-linux/4.8.5/:/usr/lib/gcc/x86_64-redhat-linux/4.8.5/../../../../lib64/:/lib/../lib64/:/usr/lib/../lib64/:/usr/lib/gcc/x86_64-redhat-linux/4.8.5/../../../:/lib/:/usr/lib/
COLLECT_GCC_OPTIONS='-v' '-o' 'cmTryCompileExec1918412659' '-rdynamic' '-mtune=generic' '-march=x86-64'
 /usr/libexec/gcc/x86_64-redhat-linux/4.8.5/collect2 --build-id --no-add-needed --eh-frame-hdr --hash-style=gnu -m elf_x86_64 -export-dynamic -dynamic-linker /lib64/ld-linux-x86-64.so.2 -o cmTryCompileExec1918412659 /usr/lib/gcc/x86_64-redhat-linux/4.8.5/../../../../lib64/crt1.o /usr/lib/gcc/x86_64-redhat-linux/4.8.5/../../../../lib64/crti.o /usr/lib/gcc/x86_64-redhat-linux/4.8.5/crtbegin.o -L/usr/lib/gcc/x86_64-redhat-linux/4.8.5 -L/usr/lib/gcc/x86_64-redhat-linux/4.8.5/../../../../lib64 -L/lib/../lib64 -L/usr/lib/../lib64 -L/usr/lib/gcc/x86_64-redhat-linux/4.8.5/../../.. CMakeFiles/cmTryCompileExec1918412659.dir/CMakeCCompilerABI.c.o -lgcc --as-needed -lgcc_s --no-as-needed -lc -lgcc --as-needed -lgcc_s --no-as-needed /usr/lib/gcc/x86_64-redhat-linux/4.8.5/crtend.o /usr/lib/gcc/x86_64-redhat-linux/4.8.5/../../../../lib64/crtn.o
gmake[1]: Leaving directory `/root/share/fluent-bit/bin/CMakeFiles/CMakeTmp'


Parsed C implicit link information from above output:
  link line regex: [^( *|.*[/\])(ld|([^/\]+-)?ld|collect2)[^/\]*( |$)]
  ignore line: [Change Dir: /root/share/fluent-bit/bin/CMakeFiles/CMakeTmp]
  ignore line: []
  ignore line: [Run Build Command:/usr/bin/gmake "cmTryCompileExec1918412659/fast"]
  ignore line: [/usr/bin/gmake -f CMakeFiles/cmTryCompileExec1918412659.dir/build.make CMakeFiles/cmTryCompileExec1918412659.dir/build]
  ignore line: [gmake[1]: Entering directory `/root/share/fluent-bit/bin/CMakeFiles/CMakeTmp']
  ignore line: [/usr/bin/cmake -E cmake_progress_report /root/share/fluent-bit/bin/CMakeFiles/CMakeTmp/CMakeFiles 1]
  ignore line: [Building C object CMakeFiles/cmTryCompileExec1918412659.dir/CMakeCCompilerABI.c.o]
  ignore line: [/usr/bin/cc    -o CMakeFiles/cmTryCompileExec1918412659.dir/CMakeCCompilerABI.c.o   -c /usr/share/cmake/Modules/CMakeCCompilerABI.c]
  ignore line: [Linking C executable cmTryCompileExec1918412659]
  ignore line: [/usr/bin/cmake -E cmake_link_script CMakeFiles/cmTryCompileExec1918412659.dir/link.txt --verbose=1]
  ignore line: [/usr/bin/cc     -v CMakeFiles/cmTryCompileExec1918412659.dir/CMakeCCompilerABI.c.o  -o cmTryCompileExec1918412659 -rdynamic  ]
  ignore line: [Using built-in specs.]
  ignore line: [COLLECT_GCC=/usr/bin/cc]
  ignore line: [COLLECT_LTO_WRAPPER=/usr/libexec/gcc/x86_64-redhat-linux/4.8.5/lto-wrapper]
  ignore line: [Target: x86_64-redhat-linux]
  ignore line: [Configured with: ../configure --prefix=/usr --mandir=/usr/share/man --infodir=/usr/share/info --with-bugurl=http://bugzilla.redhat.com/bugzilla --enable-bootstrap --enable-shared --enable-threads=posix --enable-checking=release --with-system-zlib --enable-__cxa_atexit --disable-libunwind-exceptions --enable-gnu-unique-object --enable-linker-build-id --with-linker-hash-style=gnu --enable-languages=c,c++,objc,obj-c++,java,fortran,ada,go,lto --enable-plugin --enable-initfini-array --disable-libgcj --with-isl=/builddir/build/BUILD/gcc-4.8.5-20150702/obj-x86_64-redhat-linux/isl-install --with-cloog=/builddir/build/BUILD/gcc-4.8.5-20150702/obj-x86_64-redhat-linux/cloog-install --enable-gnu-indirect-function --with-tune=generic --with-arch_32=x86-64 --build=x86_64-redhat-linux]
  ignore line: [Thread model: posix]
  ignore line: [gcc version 4.8.5 20150623 (Red Hat 4.8.5-16) (GCC) ]
  ignore line: [COMPILER_PATH=/usr/libexec/gcc/x86_64-redhat-linux/4.8.5/:/usr/libexec/gcc/x86_64-redhat-linux/4.8.5/:/usr/libexec/gcc/x86_64-redhat-linux/:/usr/lib/gcc/x86_64-redhat-linux/4.8.5/:/usr/lib/gcc/x86_64-redhat-linux/]
  ignore line: [LIBRARY_PATH=/usr/lib/gcc/x86_64-redhat-linux/4.8.5/:/usr/lib/gcc/x86_64-redhat-linux/4.8.5/../../../../lib64/:/lib/../lib64/:/usr/lib/../lib64/:/usr/lib/gcc/x86_64-redhat-linux/4.8.5/../../../:/lib/:/usr/lib/]
  ignore line: [COLLECT_GCC_OPTIONS='-v' '-o' 'cmTryCompileExec1918412659' '-rdynamic' '-mtune=generic' '-march=x86-64']
  link line: [ /usr/libexec/gcc/x86_64-redhat-linux/4.8.5/collect2 --build-id --no-add-needed --eh-frame-hdr --hash-style=gnu -m elf_x86_64 -export-dynamic -dynamic-linker /lib64/ld-linux-x86-64.so.2 -o cmTryCompileExec1918412659 /usr/lib/gcc/x86_64-redhat-linux/4.8.5/../../../../lib64/crt1.o /usr/lib/gcc/x86_64-redhat-linux/4.8.5/../../../../lib64/crti.o /usr/lib/gcc/x86_64-redhat-linux/4.8.5/crtbegin.o -L/usr/lib/gcc/x86_64-redhat-linux/4.8.5 -L/usr/lib/gcc/x86_64-redhat-linux/4.8.5/../../../../lib64 -L/lib/../lib64 -L/usr/lib/../lib64 -L/usr/lib/gcc/x86_64-redhat-linux/4.8.5/../../.. CMakeFiles/cmTryCompileExec1918412659.dir/CMakeCCompilerABI.c.o -lgcc --as-needed -lgcc_s --no-as-needed -lc -lgcc --as-needed -lgcc_s --no-as-needed /usr/lib/gcc/x86_64-redhat-linux/4.8.5/crtend.o /usr/lib/gcc/x86_64-redhat-linux/4.8.5/../../../../lib64/crtn.o]
    arg [/usr/libexec/gcc/x86_64-redhat-linux/4.8.5/collect2] ==> ignore
    arg [--build-id] ==> ignore
    arg [--no-add-needed] ==> ignore
    arg [--eh-frame-hdr] ==> ignore
    arg [--hash-style=gnu] ==> ignore
    arg [-m] ==> ignore
    arg [elf_x86_64] ==> ignore
    arg [-export-dynamic] ==> ignore
    arg [-dynamic-linker] ==> ignore
    arg [/lib64/ld-linux-x86-64.so.2] ==> ignore
    arg [-o] ==> ignore
    arg [cmTryCompileExec1918412659] ==> ignore
    arg [/usr/lib/gcc/x86_64-redhat-linux/4.8.5/../../../../lib64/crt1.o] ==> ignore
    arg [/usr/lib/gcc/x86_64-redhat-linux/4.8.5/../../../../lib64/crti.o] ==> ignore
    arg [/usr/lib/gcc/x86_64-redhat-linux/4.8.5/crtbegin.o] ==> ignore
    arg [-L/usr/lib/gcc/x86_64-redhat-linux/4.8.5] ==> dir [/usr/lib/gcc/x86_64-redhat-linux/4.8.5]
    arg [-L/usr/lib/gcc/x86_64-redhat-linux/4.8.5/../../../../lib64] ==> dir [/usr/lib/gcc/x86_64-redhat-linux/4.8.5/../../../../lib64]
    arg [-L/lib/../lib64] ==> dir [/lib/../lib64]
    arg [-L/usr/lib/../lib64] ==> dir [/usr/lib/../lib64]
    arg [-L/usr/lib/gcc/x86_64-redhat-linux/4.8.5/../../..] ==> dir [/usr/lib/gcc/x86_64-redhat-linux/4.8.5/../../..]
    arg [CMakeFiles/cmTryCompileExec1918412659.dir/CMakeCCompilerABI.c.o] ==> ignore
    arg [-lgcc] ==> lib [gcc]
    arg [--as-needed] ==> ignore
    arg [-lgcc_s] ==> lib [gcc_s]
    arg [--no-as-needed] ==> ignore
    arg [-lc] ==> lib [c]
    arg [-lgcc] ==> lib [gcc]
    arg [--as-needed] ==> ignore
    arg [-lgcc_s] ==> lib [gcc_s]
    arg [--no-as-needed] ==> ignore
    arg [/usr/lib/gcc/x86_64-redhat-linux/4.8.5/crtend.o] ==> ignore
    arg [/usr/lib/gcc/x86_64-redhat-linux/4.8.5/../../../../lib64/crtn.o] ==> ignore
  remove lib [gcc]
  remove lib [gcc_s]
  remove lib [gcc]
  remove lib [gcc_s]
  collapse library dir [/usr/lib/gcc/x86_64-redhat-linux/4.8.5] ==> [/usr/lib/gcc/x86_64-redhat-linux/4.8.5]
  collapse library dir [/usr/lib/gcc/x86_64-redhat-linux/4.8.5/../../../../lib64] ==> [/usr/lib64]
  collapse library dir [/lib/../lib64] ==> [/lib64]
  collapse library dir [/usr/lib/../lib64] ==> [/usr/lib64]
  collapse library dir [/usr/lib/gcc/x86_64-redhat-linux/4.8.5/../../..] ==> [/usr/lib]
  implicit libs: [c]
  implicit dirs: [/usr/lib/gcc/x86_64-redhat-linux/4.8.5;/usr/lib64;/lib64;/usr/lib]
  implicit fwks: []


Determining if the CXX compiler works passed with the following output:
Change Dir: /root/share/fluent-bit/bin/CMakeFiles/CMakeTmp

Run Build Command:/usr/bin/gmake "cmTryCompileExec759646245/fast"
/usr/bin/gmake -f CMakeFiles/cmTryCompileExec759646245.dir/build.make CMakeFiles/cmTryCompileExec759646245.dir/build
gmake[1]: Entering directory `/root/share/fluent-bit/bin/CMakeFiles/CMakeTmp'
/usr/bin/cmake -E cmake_progress_report /root/share/fluent-bit/bin/CMakeFiles/CMakeTmp/CMakeFiles 1
Building CXX object CMakeFiles/cmTryCompileExec759646245.dir/testCXXCompiler.cxx.o
/usr/bin/c++     -o CMakeFiles/cmTryCompileExec759646245.dir/testCXXCompiler.cxx.o -c /root/share/fluent-bit/bin/CMakeFiles/CMakeTmp/testCXXCompiler.cxx
Linking CXX executable cmTryCompileExec759646245
/usr/bin/cmake -E cmake_link_script CMakeFiles/cmTryCompileExec759646245.dir/link.txt --verbose=1
/usr/bin/c++        CMakeFiles/cmTryCompileExec759646245.dir/testCXXCompiler.cxx.o  -o cmTryCompileExec759646245 -rdynamic 
gmake[1]: Leaving directory `/root/share/fluent-bit/bin/CMakeFiles/CMakeTmp'


Detecting CXX compiler ABI info compiled with the following output:
Change Dir: /root/share/fluent-bit/bin/CMakeFiles/CMakeTmp

Run Build Command:/usr/bin/gmake "cmTryCompileExec123431347/fast"
/usr/bin/gmake -f CMakeFiles/cmTryCompileExec123431347.dir/build.make CMakeFiles/cmTryCompileExec123431347.dir/build
gmake[1]: Entering directory `/root/share/fluent-bit/bin/CMakeFiles/CMakeTmp'
/usr/bin/cmake -E cmake_progress_report /root/share/fluent-bit/bin/CMakeFiles/CMakeTmp/CMakeFiles 1
Building CXX object CMakeFiles/cmTryCompileExec123431347.dir/CMakeCXXCompilerABI.cpp.o
/usr/bin/c++     -o CMakeFiles/cmTryCompileExec123431347.dir/CMakeCXXCompilerABI.cpp.o -c /usr/share/cmake/Modules/CMakeCXXCompilerABI.cpp
Linking CXX executable cmTryCompileExec123431347
/usr/bin/cmake -E cmake_link_script CMakeFiles/cmTryCompileExec123431347.dir/link.txt --verbose=1
/usr/bin/c++      -v CMakeFiles/cmTryCompileExec123431347.dir/CMakeCXXCompilerABI.cpp.o  -o cmTryCompileExec123431347 -rdynamic  
Using built-in specs.
COLLECT_GCC=/usr/bin/c++
COLLECT_LTO_WRAPPER=/usr/libexec/gcc/x86_64-redhat-linux/4.8.5/lto-wrapper
Target: x86_64-redhat-linux
Configured with: ../configure --prefix=/usr --mandir=/usr/share/man --infodir=/usr/share/info --with-bugurl=http://bugzilla.redhat.com/bugzilla --enable-bootstrap --enable-shared --enable-threads=posix --enable-checking=release --with-system-zlib --enable-__cxa_atexit --disable-libunwind-exceptions --enable-gnu-unique-object --enable-linker-build-id --with-linker-hash-style=gnu --enable-languages=c,c++,objc,obj-c++,java,fortran,ada,go,lto --enable-plugin --enable-initfini-array --disable-libgcj --with-isl=/builddir/build/BUILD/gcc-4.8.5-20150702/obj-x86_64-redhat-linux/isl-install --with-cloog=/builddir/build/BUILD/gcc-4.8.5-20150702/obj-x86_64-redhat-linux/cloog-install --enable-gnu-indirect-function --with-tune=generic --with-arch_32=x86-64 --build=x86_64-redhat-linux
Thread model: posix
gcc version 4.8.5 20150623 (Red Hat 4.8.5-16) (GCC) 
COMPILER_PATH=/usr/libexec/gcc/x86_64-redhat-linux/4.8.5/:/usr/libexec/gcc/x86_64-redhat-linux/4.8.5/:/usr/libexec/gcc/x86_64-redhat-linux/:/usr/lib/gcc/x86_64-redhat-linux/4.8.5/:/usr/lib/gcc/x86_64-redhat-linux/
LIBRARY_PATH=/usr/lib/gcc/x86_64-redhat-linux/4.8.5/:/usr/lib/gcc/x86_64-redhat-linux/4.8.5/../../../../lib64/:/lib/../lib64/:/usr/lib/../lib64/:/usr/lib/gcc/x86_64-redhat-linux/4.8.5/../../../:/lib/:/usr/lib/
COLLECT_GCC_OPTIONS='-v' '-o' 'cmTryCompileExec123431347' '-rdynamic' '-shared-libgcc' '-mtune=generic' '-march=x86-64'
 /usr/libexec/gcc/x86_64-redhat-linux/4.8.5/collect2 --build-id --no-add-needed --eh-frame-hdr --hash-style=gnu -m elf_x86_64 -export-dynamic -dynamic-linker /lib64/ld-linux-x86-64.so.2 -o cmTryCompileExec123431347 /usr/lib/gcc/x86_64-redhat-linux/4.8.5/../../../../lib64/crt1.o /usr/lib/gcc/x86_64-redhat-linux/4.8.5/../../../../lib64/crti.o /usr/lib/gcc/x86_64-redhat-linux/4.8.5/crtbegin.o -L/usr/lib/gcc/x86_64-redhat-linux/4.8.5 -L/usr/lib/gcc/x86_64-redhat-linux/4.8.5/../../../../lib64 -L/lib/../lib64 -L/usr/lib/../lib64 -L/usr/lib/gcc/x86_64-redhat-linux/4.8.5/../../.. CMakeFiles/cmTryCompileExec123431347.dir/CMakeCXXCompilerABI.cpp.o -lstdc++ -lm -lgcc_s -lgcc -lc -lgcc_s -lgcc /usr/lib/gcc/x86_64-redhat-linux/4.8.5/crtend.o /usr/lib/gcc/x86_64-redhat-linux/4.8.5/../../../../lib64/crtn.o
gmake[1]: Leaving directory `/root/share/fluent-bit/bin/CMakeFiles/CMakeTmp'


Parsed CXX implicit link information from above output:
  link line regex: [^( *|.*[/\])(ld|([^/\]+-)?ld|collect2)[^/\]*( |$)]
  ignore line: [Change Dir: /root/share/fluent-bit/bin/CMakeFiles/CMakeTmp]
  ignore line: []
  ignore line: [Run Build Command:/usr/bin/gmake "cmTryCompileExec123431347/fast"]
  ignore line: [/usr/bin/gmake -f CMakeFiles/cmTryCompileExec123431347.dir/build.make CMakeFiles/cmTryCompileExec123431347.dir/build]
  ignore line: [gmake[1]: Entering directory `/root/share/fluent-bit/bin/CMakeFiles/CMakeTmp']
  ignore line: [/usr/bin/cmake -E cmake_progress_report /root/share/fluent-bit/bin/CMakeFiles/CMakeTmp/CMakeFiles 1]
  ignore line: [Building CXX object CMakeFiles/cmTryCompileExec123431347.dir/CMakeCXXCompilerABI.cpp.o]
  ignore line: [/usr/bin/c++     -o CMakeFiles/cmTryCompileExec123431347.dir/CMakeCXXCompilerABI.cpp.o -c /usr/share/cmake/Modules/CMakeCXXCompilerABI.cpp]
  ignore line: [Linking CXX executable cmTryCompileExec123431347]
  ignore line: [/usr/bin/cmake -E cmake_link_script CMakeFiles/cmTryCompileExec123431347.dir/link.txt --verbose=1]
  ignore line: [/usr/bin/c++      -v CMakeFiles/cmTryCompileExec123431347.dir/CMakeCXXCompilerABI.cpp.o  -o cmTryCompileExec123431347 -rdynamic  ]
  ignore line: [Using built-in specs.]
  ignore line: [COLLECT_GCC=/usr/bin/c++]
  ignore line: [COLLECT_LTO_WRAPPER=/usr/libexec/gcc/x86_64-redhat-linux/4.8.5/lto-wrapper]
  ignore line: [Target: x86_64-redhat-linux]
  ignore line: [Configured with: ../configure --prefix=/usr --mandir=/usr/share/man --infodir=/usr/share/info --with-bugurl=http://bugzilla.redhat.com/bugzilla --enable-bootstrap --enable-shared --enable-threads=posix --enable-checking=release --with-system-zlib --enable-__cxa_atexit --disable-libunwind-exceptions --enable-gnu-unique-object --enable-linker-build-id --with-linker-hash-style=gnu --enable-languages=c,c++,objc,obj-c++,java,fortran,ada,go,lto --enable-plugin --enable-initfini-array --disable-libgcj --with-isl=/builddir/build/BUILD/gcc-4.8.5-20150702/obj-x86_64-redhat-linux/isl-install --with-cloog=/builddir/build/BUILD/gcc-4.8.5-20150702/obj-x86_64-redhat-linux/cloog-install --enable-gnu-indirect-function --with-tune=generic --with-arch_32=x86-64 --build=x86_64-redhat-linux]
  ignore line: [Thread model: posix]
  ignore line: [gcc version 4.8.5 20150623 (Red Hat 4.8.5-16) (GCC) ]
  ignore line: [COMPILER_PATH=/usr/libexec/gcc/x86_64-redhat-linux/4.8.5/:/usr/libexec/gcc/x86_64-redhat-linux/4.8.5/:/usr/libexec/gcc/x86_64-redhat-linux/:/usr/lib/gcc/x86_64-redhat-linux/4.8.5/:/usr/lib/gcc/x86_64-redhat-linux/]
  ignore line: [LIBRARY_PATH=/usr/lib/gcc/x86_64-redhat-linux/4.8.5/:/usr/lib/gcc/x86_64-redhat-linux/4.8.5/../../../../lib64/:/lib/../lib64/:/usr/lib/../lib64/:/usr/lib/gcc/x86_64-redhat-linux/4.8.5/../../../:/lib/:/usr/lib/]
  ignore line: [COLLECT_GCC_OPTIONS='-v' '-o' 'cmTryCompileExec123431347' '-rdynamic' '-shared-libgcc' '-mtune=generic' '-march=x86-64']
  link line: [ /usr/libexec/gcc/x86_64-redhat-linux/4.8.5/collect2 --build-id --no-add-needed --eh-frame-hdr --hash-style=gnu -m elf_x86_64 -export-dynamic -dynamic-linker /lib64/ld-linux-x86-64.so.2 -o cmTryCompileExec123431347 /usr/lib/gcc/x86_64-redhat-linux/4.8.5/../../../../lib64/crt1.o /usr/lib/gcc/x86_64-redhat-linux/4.8.5/../../../../lib64/crti.o /usr/lib/gcc/x86_64-redhat-linux/4.8.5/crtbegin.o -L/usr/lib/gcc/x86_64-redhat-linux/4.8.5 -L/usr/lib/gcc/x86_64-redhat-linux/4.8.5/../../../../lib64 -L/lib/../lib64 -L/usr/lib/../lib64 -L/usr/lib/gcc/x86_64-redhat-linux/4.8.5/../../.. CMakeFiles/cmTryCompileExec123431347.dir/CMakeCXXCompilerABI.cpp.o -lstdc++ -lm -lgcc_s -lgcc -lc -lgcc_s -lgcc /usr/lib/gcc/x86_64-redhat-linux/4.8.5/crtend.o /usr/lib/gcc/x86_64-redhat-linux/4.8.5/../../../../lib64/crtn.o]
    arg [/usr/libexec/gcc/x86_64-redhat-linux/4.8.5/collect2] ==> ignore
    arg [--build-id] ==> ignore
    arg [--no-add-needed] ==> ignore
    arg [--eh-frame-hdr] ==> ignore
    arg [--hash-style=gnu] ==> ignore
    arg [-m] ==> ignore
    arg [elf_x86_64] ==> ignore
    arg [-export-dynamic] ==> ignore
    arg [-dynamic-linker] ==> ignore
    arg [/lib64/ld-linux-x86-64.so.2] ==> ignore
    arg [-o] ==> ignore
    arg [cmTryCompileExec123431347] ==> ignore
    arg [/usr/lib/gcc/x86_64-redhat-linux/4.8.5/../../../../lib64/crt1.o] ==> ignore
    arg [/usr/lib/gcc/x86_64-redhat-linux/4.8.5/../../../../lib64/crti.o] ==> ignore
    arg [/usr/lib/gcc/x86_64-redhat-linux/4.8.5/crtbegin.o] ==> ignore
    arg [-L/usr/lib/gcc/x86_64-redhat-linux/4.8.5] ==> dir [/usr/lib/gcc/x86_64-redhat-linux/4.8.5]
    arg [-L/usr/lib/gcc/x86_64-redhat-linux/4.8.5/../../../../lib64] ==> dir [/usr/lib/gcc/x86_64-redhat-linux/4.8.5/../../../../lib64]
    arg [-L/lib/../lib64] ==> dir [/lib/../lib64]
    arg [-L/usr/lib/../lib64] ==> dir [/usr/lib/../lib64]
    arg [-L/usr/lib/gcc/x86_64-redhat-linux/4.8.5/../../..] ==> dir [/usr/lib/gcc/x86_64-redhat-linux/4.8.5/../../..]
    arg [CMakeFiles/cmTryCompileExec123431347.dir/CMakeCXXCompilerABI.cpp.o] ==> ignore
    arg [-lstdc++] ==> lib [stdc++]
    arg [-lm] ==> lib [m]
    arg [-lgcc_s] ==> lib [gcc_s]
    arg [-lgcc] ==> lib [gcc]
    arg [-lc] ==> lib [c]
    arg [-lgcc_s] ==> lib [gcc_s]
    arg [-lgcc] ==> lib [gcc]
    arg [/usr/lib/gcc/x86_64-redhat-linux/4.8.5/crtend.o] ==> ignore
    arg [/usr/lib/gcc/x86_64-redhat-linux/4.8.5/../../../../lib64/crtn.o] ==> ignore
  remove lib [gcc_s]
  remove lib [gcc]
  remove lib [gcc_s]
  remove lib [gcc]
  collapse library dir [/usr/lib/gcc/x86_64-redhat-linux/4.8.5] ==> [/usr/lib/gcc/x86_64-redhat-linux/4.8.5]
  collapse library dir [/usr/lib/gcc/x86_64-redhat-linux/4.8.5/../../../../lib64] ==> [/usr/lib64]
  collapse library dir [/lib/../lib64] ==> [/lib64]
  collapse library dir [/usr/lib/../lib64] ==> [/usr/lib64]
  collapse library dir [/usr/lib/gcc/x86_64-redhat-linux/4.8.5/../../..] ==> [/usr/lib]
  implicit libs: [stdc++;m;c]
  implicit dirs: [/usr/lib/gcc/x86_64-redhat-linux/4.8.5;/usr/lib64;/lib64;/usr/lib]
  implicit fwks: []


Determining if files pthread.h exist passed with the following output:
Change Dir: /root/share/fluent-bit/bin/CMakeFiles/CMakeTmp

Run Build Command:/usr/bin/gmake "cmTryCompileExec1119543520/fast"
/usr/bin/gmake -f CMakeFiles/cmTryCompileExec1119543520.dir/build.make CMakeFiles/cmTryCompileExec1119543520.dir/build
gmake[1]: Entering directory `/root/share/fluent-bit/bin/CMakeFiles/CMakeTmp'
/usr/bin/cmake -E cmake_progress_report /root/share/fluent-bit/bin/CMakeFiles/CMakeTmp/CMakeFiles 1
Building C object CMakeFiles/cmTryCompileExec1119543520.dir/CheckIncludeFiles.c.o
/usr/bin/cc   -Wall -fPIC  -D__FILENAME__='"bin/CMakeFiles/CMakeTmp/CheckIncludeFiles.c"'    -o CMakeFiles/cmTryCompileExec1119543520.dir/CheckIncludeFiles.c.o   -c /root/share/fluent-bit/bin/CMakeFiles/CMakeTmp/CheckIncludeFiles.c
Linking C executable cmTryCompileExec1119543520
/usr/bin/cmake -E cmake_link_script CMakeFiles/cmTryCompileExec1119543520.dir/link.txt --verbose=1
/usr/bin/cc   -Wall -fPIC  -D__FILENAME__='"$(subst /root/share/fluent-bit/,,$(abspath $<))"'     CMakeFiles/cmTryCompileExec1119543520.dir/CheckIncludeFiles.c.o  -o cmTryCompileExec1119543520 -rdynamic 
gmake[1]: Leaving directory `/root/share/fluent-bit/bin/CMakeFiles/CMakeTmp'


Determining if the function pthread_create exists in the pthread passed with the following output:
Change Dir: /root/share/fluent-bit/bin/CMakeFiles/CMakeTmp

Run Build Command:/usr/bin/gmake "cmTryCompileExec3415241663/fast"
/usr/bin/gmake -f CMakeFiles/cmTryCompileExec3415241663.dir/build.make CMakeFiles/cmTryCompileExec3415241663.dir/build
gmake[1]: Entering directory `/root/share/fluent-bit/bin/CMakeFiles/CMakeTmp'
/usr/bin/cmake -E cmake_progress_report /root/share/fluent-bit/bin/CMakeFiles/CMakeTmp/CMakeFiles 1
Building C object CMakeFiles/cmTryCompileExec3415241663.dir/CheckFunctionExists.c.o
/usr/bin/cc   -Wall -fPIC  -D__FILENAME__='"/usr/share/cmake/Modules/CheckFunctionExists.c"' -DCHECK_FUNCTION_EXISTS=pthread_create   -o CMakeFiles/cmTryCompileExec3415241663.dir/CheckFunctionExists.c.o   -c /usr/share/cmake/Modules/CheckFunctionExists.c
Linking C executable cmTryCompileExec3415241663
/usr/bin/cmake -E cmake_link_script CMakeFiles/cmTryCompileExec3415241663.dir/link.txt --verbose=1
/usr/bin/cc   -Wall -fPIC  -D__FILENAME__='"$(subst /root/share/fluent-bit/,,$(abspath $<))"' -DCHECK_FUNCTION_EXISTS=pthread_create    CMakeFiles/cmTryCompileExec3415241663.dir/CheckFunctionExists.c.o  -o cmTryCompileExec3415241663 -rdynamic -lpthread 
gmake[1]: Leaving directory `/root/share/fluent-bit/bin/CMakeFiles/CMakeTmp'


Performing C SOURCE FILE Test HAVE_STAT_H succeded with the following output:
Change Dir: /root/share/fluent-bit/bin/CMakeFiles/CMakeTmp

Run Build Command:/usr/bin/gmake "cmTryCompileExec2046619709/fast"
/usr/bin/gmake -f CMakeFiles/cmTryCompileExec2046619709.dir/build.make CMakeFiles/cmTryCompileExec2046619709.dir/build
gmake[1]: Entering directory `/root/share/fluent-bit/bin/CMakeFiles/CMakeTmp'
/usr/bin/cmake -E cmake_progress_report /root/share/fluent-bit/bin/CMakeFiles/CMakeTmp/CMakeFiles 1
Building C object CMakeFiles/cmTryCompileExec2046619709.dir/src.c.o
/usr/bin/cc   -Wall -fPIC  -D__FILENAME__='"bin/CMakeFiles/CMakeTmp/src.c"' -DHAVE_STAT_H   -o CMakeFiles/cmTryCompileExec2046619709.dir/src.c.o   -c /root/share/fluent-bit/bin/CMakeFiles/CMakeTmp/src.c
/root/share/fluent-bit/bin/CMakeFiles/CMakeTmp/src.c: In function 'main':
/root/share/fluent-bit/bin/CMakeFiles/CMakeTmp/src.c:6:9: warning: unused variable 'x' [-Wunused-variable]
     int x = S_IXUSR;
         ^
Linking C executable cmTryCompileExec2046619709
/usr/bin/cmake -E cmake_link_script CMakeFiles/cmTryCompileExec2046619709.dir/link.txt --verbose=1
/usr/bin/cc   -Wall -fPIC  -D__FILENAME__='"$(subst /root/share/fluent-bit/,,$(abspath $<))"' -DHAVE_STAT_H    CMakeFiles/cmTryCompileExec2046619709.dir/src.c.o  -o cmTryCompileExec2046619709 -rdynamic 
gmake[1]: Leaving directory `/root/share/fluent-bit/bin/CMakeFiles/CMakeTmp'

Source file was:

  #include <sys/types.h>
  #include <sys/stat.h>
  #include <unistd.h>
  int main() {
    int x = S_IXUSR;
    S_ISLNK(0);
    return 0;
  }
Performing C SOURCE FILE Test HAVE_SYS_UIO_H succeded with the following output:
Change Dir: /root/share/fluent-bit/bin/CMakeFiles/CMakeTmp

Run Build Command:/usr/bin/gmake "cmTryCompileExec136982239/fast"
/usr/bin/gmake -f CMakeFiles/cmTryCompileExec136982239.dir/build.make CMakeFiles/cmTryCompileExec136982239.dir/build
gmake[1]: Entering directory `/root/share/fluent-bit/bin/CMakeFiles/CMakeTmp'
/usr/bin/cmake -E cmake_progress_report /root/share/fluent-bit/bin/CMakeFiles/CMakeTmp/CMakeFiles 1
Building C object CMakeFiles/cmTryCompileExec136982239.dir/src.c.o
/usr/bin/cc   -Wall -fPIC  -D__FILENAME__='"bin/CMakeFiles/CMakeTmp/src.c"' -DHAVE_SYS_UIO_H   -o CMakeFiles/cmTryCompileExec136982239.dir/src.c.o   -c /root/share/fluent-bit/bin/CMakeFiles/CMakeTmp/src.c
Linking C executable cmTryCompileExec136982239
/usr/bin/cmake -E cmake_link_script CMakeFiles/cmTryCompileExec136982239.dir/link.txt --verbose=1
/usr/bin/cc   -Wall -fPIC  -D__FILENAME__='"$(subst /root/share/fluent-bit/,,$(abspath $<))"' -DHAVE_SYS_UIO_H    CMakeFiles/cmTryCompileExec136982239.dir/src.c.o  -o cmTryCompileExec136982239 -rdynamic 
gmake[1]: Leaving directory `/root/share/fluent-bit/bin/CMakeFiles/CMakeTmp'

Source file was:

  #include <sys/uio.h>
  int main() {
     return 0;
  }
Performing C SOURCE FILE Test HAVE_UNISTD_H succeded with the following output:
Change Dir: /root/share/fluent-bit/bin/CMakeFiles/CMakeTmp

Run Build Command:/usr/bin/gmake "cmTryCompileExec129842455/fast"
/usr/bin/gmake -f CMakeFiles/cmTryCompileExec129842455.dir/build.make CMakeFiles/cmTryCompileExec129842455.dir/build
gmake[1]: Entering directory `/root/share/fluent-bit/bin/CMakeFiles/CMakeTmp'
/usr/bin/cmake -E cmake_progress_report /root/share/fluent-bit/bin/CMakeFiles/CMakeTmp/CMakeFiles 1
Building C object CMakeFiles/cmTryCompileExec129842455.dir/src.c.o
/usr/bin/cc   -Wall -fPIC  -D__FILENAME__='"bin/CMakeFiles/CMakeTmp/src.c"' -DHAVE_UNISTD_H   -o CMakeFiles/cmTryCompileExec129842455.dir/src.c.o   -c /root/share/fluent-bit/bin/CMakeFiles/CMakeTmp/src.c
Linking C executable cmTryCompileExec129842455
/usr/bin/cmake -E cmake_link_script CMakeFiles/cmTryCompileExec129842455.dir/link.txt --verbose=1
/usr/bin/cc   -Wall -fPIC  -D__FILENAME__='"$(subst /root/share/fluent-bit/,,$(abspath $<))"' -DHAVE_UNISTD_H    CMakeFiles/cmTryCompileExec129842455.dir/src.c.o  -o cmTryCompileExec129842455 -rdynamic 
gmake[1]: Leaving directory `/root/share/fluent-bit/bin/CMakeFiles/CMakeTmp'

Source file was:

  #include <unistd.h>
  int main() {
     return 0;
  }
Performing C SOURCE FILE Test HAVE_EPOLL succeded with the following output:
Change Dir: /root/share/fluent-bit/bin/CMakeFiles/CMakeTmp

Run Build Command:/usr/bin/gmake "cmTryCompileExec420732699/fast"
/usr/bin/gmake -f CMakeFiles/cmTryCompileExec420732699.dir/build.make CMakeFiles/cmTryCompileExec420732699.dir/build
gmake[1]: Entering directory `/root/share/fluent-bit/bin/CMakeFiles/CMakeTmp'
/usr/bin/cmake -E cmake_progress_report /root/share/fluent-bit/bin/CMakeFiles/CMakeTmp/CMakeFiles 1
Building C object CMakeFiles/cmTryCompileExec420732699.dir/src.c.o
/usr/bin/cc   -Wall -fPIC  -D__FILENAME__='"bin/CMakeFiles/CMakeTmp/src.c"' -DHAVE_EPOLL   -o CMakeFiles/cmTryCompileExec420732699.dir/src.c.o   -c /root/share/fluent-bit/bin/CMakeFiles/CMakeTmp/src.c
Linking C executable cmTryCompileExec420732699
/usr/bin/cmake -E cmake_link_script CMakeFiles/cmTryCompileExec420732699.dir/link.txt --verbose=1
/usr/bin/cc   -Wall -fPIC  -D__FILENAME__='"$(subst /root/share/fluent-bit/,,$(abspath $<))"' -DHAVE_EPOLL    CMakeFiles/cmTryCompileExec420732699.dir/src.c.o  -o cmTryCompileExec420732699 -rdynamic 
gmake[1]: Leaving directory `/root/share/fluent-bit/bin/CMakeFiles/CMakeTmp'

Source file was:

  #include <sys/epoll.h>
  int main() {
     return epoll_create(1);
  }
Performing C SOURCE FILE Test HAVE_TIMERFD_CREATE succeded with the following output:
Change Dir: /root/share/fluent-bit/bin/CMakeFiles/CMakeTmp

Run Build Command:/usr/bin/gmake "cmTryCompileExec4187776080/fast"
/usr/bin/gmake -f CMakeFiles/cmTryCompileExec4187776080.dir/build.make CMakeFiles/cmTryCompileExec4187776080.dir/build
gmake[1]: Entering directory `/root/share/fluent-bit/bin/CMakeFiles/CMakeTmp'
/usr/bin/cmake -E cmake_progress_report /root/share/fluent-bit/bin/CMakeFiles/CMakeTmp/CMakeFiles 1
Building C object CMakeFiles/cmTryCompileExec4187776080.dir/src.c.o
/usr/bin/cc   -Wall -fPIC  -D__FILENAME__='"bin/CMakeFiles/CMakeTmp/src.c"' -DHAVE_TIMERFD_CREATE   -o CMakeFiles/cmTryCompileExec4187776080.dir/src.c.o   -c /root/share/fluent-bit/bin/CMakeFiles/CMakeTmp/src.c
Linking C executable cmTryCompileExec4187776080
/usr/bin/cmake -E cmake_link_script CMakeFiles/cmTryCompileExec4187776080.dir/link.txt --verbose=1
/usr/bin/cc   -Wall -fPIC  -D__FILENAME__='"$(subst /root/share/fluent-bit/,,$(abspath $<))"' -DHAVE_TIMERFD_CREATE    CMakeFiles/cmTryCompileExec4187776080.dir/src.c.o  -o cmTryCompileExec4187776080 -rdynamic 
gmake[1]: Leaving directory `/root/share/fluent-bit/bin/CMakeFiles/CMakeTmp'

Source file was:

  #include <sys/timerfd.h>
  int main() {
     return timerfd_create(CLOCK_REALTIME, 0);
  }
Performing C SOURCE FILE Test HAVE_EVENTFD succeded with the following output:
Change Dir: /root/share/fluent-bit/bin/CMakeFiles/CMakeTmp

Run Build Command:/usr/bin/gmake "cmTryCompileExec2137792361/fast"
/usr/bin/gmake -f CMakeFiles/cmTryCompileExec2137792361.dir/build.make CMakeFiles/cmTryCompileExec2137792361.dir/build
gmake[1]: Entering directory `/root/share/fluent-bit/bin/CMakeFiles/CMakeTmp'
/usr/bin/cmake -E cmake_progress_report /root/share/fluent-bit/bin/CMakeFiles/CMakeTmp/CMakeFiles 1
Building C object CMakeFiles/cmTryCompileExec2137792361.dir/src.c.o
/usr/bin/cc   -Wall -fPIC  -D__FILENAME__='"bin/CMakeFiles/CMakeTmp/src.c"' -DHAVE_EVENTFD   -o CMakeFiles/cmTryCompileExec2137792361.dir/src.c.o   -c /root/share/fluent-bit/bin/CMakeFiles/CMakeTmp/src.c
Linking C executable cmTryCompileExec2137792361
/usr/bin/cmake -E cmake_link_script CMakeFiles/cmTryCompileExec2137792361.dir/link.txt --verbose=1
/usr/bin/cc   -Wall -fPIC  -D__FILENAME__='"$(subst /root/share/fluent-bit/,,$(abspath $<))"' -DHAVE_EVENTFD    CMakeFiles/cmTryCompileExec2137792361.dir/src.c.o  -o cmTryCompileExec2137792361 -rdynamic 
gmake[1]: Leaving directory `/root/share/fluent-bit/bin/CMakeFiles/CMakeTmp'

Source file was:

  #include <sys/eventfd.h>
  int main() {
     return eventfd(0, EFD_CLOEXEC);
  }
Performing C SOURCE FILE Test FLB_HAVE_FORK succeded with the following output:
Change Dir: /root/share/fluent-bit/bin/CMakeFiles/CMakeTmp

Run Build Command:/usr/bin/gmake "cmTryCompileExec1604750074/fast"
/usr/bin/gmake -f CMakeFiles/cmTryCompileExec1604750074.dir/build.make CMakeFiles/cmTryCompileExec1604750074.dir/build
gmake[1]: Entering directory `/root/share/fluent-bit/bin/CMakeFiles/CMakeTmp'
/usr/bin/cmake -E cmake_progress_report /root/share/fluent-bit/bin/CMakeFiles/CMakeTmp/CMakeFiles 1
Building C object CMakeFiles/cmTryCompileExec1604750074.dir/src.c.o
/usr/bin/cc   -Wall -fPIC  -D__FILENAME__='"bin/CMakeFiles/CMakeTmp/src.c"' -DFLB_HAVE_FORK   -o CMakeFiles/cmTryCompileExec1604750074.dir/src.c.o   -c /root/share/fluent-bit/bin/CMakeFiles/CMakeTmp/src.c
Linking C executable cmTryCompileExec1604750074
/usr/bin/cmake -E cmake_link_script CMakeFiles/cmTryCompileExec1604750074.dir/link.txt --verbose=1
/usr/bin/cc   -Wall -fPIC  -D__FILENAME__='"$(subst /root/share/fluent-bit/,,$(abspath $<))"' -DFLB_HAVE_FORK    CMakeFiles/cmTryCompileExec1604750074.dir/src.c.o  -o cmTryCompileExec1604750074 -rdynamic 
gmake[1]: Leaving directory `/root/share/fluent-bit/bin/CMakeFiles/CMakeTmp'

Source file was:

  #include <unistd.h>
  int main() {
     fork();
     return 0;
  }
Performing C SOURCE FILE Test FLB_HAVE_C_TLS succeded with the following output:
Change Dir: /root/share/fluent-bit/bin/CMakeFiles/CMakeTmp

Run Build Command:/usr/bin/gmake "cmTryCompileExec1641702283/fast"
/usr/bin/gmake -f CMakeFiles/cmTryCompileExec1641702283.dir/build.make CMakeFiles/cmTryCompileExec1641702283.dir/build
gmake[1]: Entering directory `/root/share/fluent-bit/bin/CMakeFiles/CMakeTmp'
/usr/bin/cmake -E cmake_progress_report /root/share/fluent-bit/bin/CMakeFiles/CMakeTmp/CMakeFiles 1
Building C object CMakeFiles/cmTryCompileExec1641702283.dir/src.c.o
/usr/bin/cc   -Wall -fPIC  -D__FILENAME__='"bin/CMakeFiles/CMakeTmp/src.c"' -DFLB_HAVE_C_TLS   -o CMakeFiles/cmTryCompileExec1641702283.dir/src.c.o   -c /root/share/fluent-bit/bin/CMakeFiles/CMakeTmp/src.c
/root/share/fluent-bit/bin/CMakeFiles/CMakeTmp/src.c: In function 'main':
/root/share/fluent-bit/bin/CMakeFiles/CMakeTmp/src.c:4:8: warning: implicit declaration of function '__tls_get_addr' [-Wimplicit-function-declaration]
        __tls_get_addr(0);
        ^
Linking C executable cmTryCompileExec1641702283
/usr/bin/cmake -E cmake_link_script CMakeFiles/cmTryCompileExec1641702283.dir/link.txt --verbose=1
/usr/bin/cc   -Wall -fPIC  -D__FILENAME__='"$(subst /root/share/fluent-bit/,,$(abspath $<))"' -DFLB_HAVE_C_TLS    CMakeFiles/cmTryCompileExec1641702283.dir/src.c.o  -o cmTryCompileExec1641702283 -rdynamic 
gmake[1]: Leaving directory `/root/share/fluent-bit/bin/CMakeFiles/CMakeTmp'

Source file was:

   __thread int a;
   int main() {
       __tls_get_addr(0);
       return 0;
   }
Performing C SOURCE FILE Test FLB_HAVE_ACCEPT4 succeded with the following output:
Change Dir: /root/share/fluent-bit/bin/CMakeFiles/CMakeTmp

Run Build Command:/usr/bin/gmake "cmTryCompileExec1807588404/fast"
/usr/bin/gmake -f CMakeFiles/cmTryCompileExec1807588404.dir/build.make CMakeFiles/cmTryCompileExec1807588404.dir/build
gmake[1]: Entering directory `/root/share/fluent-bit/bin/CMakeFiles/CMakeTmp'
/usr/bin/cmake -E cmake_progress_report /root/share/fluent-bit/bin/CMakeFiles/CMakeTmp/CMakeFiles 1
Building C object CMakeFiles/cmTryCompileExec1807588404.dir/src.c.o
/usr/bin/cc   -Wall -fPIC  -D__FILENAME__='"bin/CMakeFiles/CMakeTmp/src.c"' -DFLB_HAVE_ACCEPT4   -o CMakeFiles/cmTryCompileExec1807588404.dir/src.c.o   -c /root/share/fluent-bit/bin/CMakeFiles/CMakeTmp/src.c
Linking C executable cmTryCompileExec1807588404
/usr/bin/cmake -E cmake_link_script CMakeFiles/cmTryCompileExec1807588404.dir/link.txt --verbose=1
/usr/bin/cc   -Wall -fPIC  -D__FILENAME__='"$(subst /root/share/fluent-bit/,,$(abspath $<))"' -DFLB_HAVE_ACCEPT4    CMakeFiles/cmTryCompileExec1807588404.dir/src.c.o  -o cmTryCompileExec1807588404 -rdynamic 
gmake[1]: Leaving directory `/root/share/fluent-bit/bin/CMakeFiles/CMakeTmp'

Source file was:

    #define _GNU_SOURCE
    #include <stdio.h>
    #include <sys/socket.h>
    int main() {
        accept4(0, NULL, NULL, 0);
        return 0;
    }
Performing C SOURCE FILE Test FLB_HAVE_INOTIFY succeded with the following output:
Change Dir: /root/share/fluent-bit/bin/CMakeFiles/CMakeTmp

Run Build Command:/usr/bin/gmake "cmTryCompileExec35267782/fast"
/usr/bin/gmake -f CMakeFiles/cmTryCompileExec35267782.dir/build.make CMakeFiles/cmTryCompileExec35267782.dir/build
gmake[1]: Entering directory `/root/share/fluent-bit/bin/CMakeFiles/CMakeTmp'
/usr/bin/cmake -E cmake_progress_report /root/share/fluent-bit/bin/CMakeFiles/CMakeTmp/CMakeFiles 1
Building C object CMakeFiles/cmTryCompileExec35267782.dir/src.c.o
/usr/bin/cc   -Wall -fPIC  -D__FILENAME__='"bin/CMakeFiles/CMakeTmp/src.c"' -DFLB_HAVE_INOTIFY   -o CMakeFiles/cmTryCompileExec35267782.dir/src.c.o   -c /root/share/fluent-bit/bin/CMakeFiles/CMakeTmp/src.c
Linking C executable cmTryCompileExec35267782
/usr/bin/cmake -E cmake_link_script CMakeFiles/cmTryCompileExec35267782.dir/link.txt --verbose=1
/usr/bin/cc   -Wall -fPIC  -D__FILENAME__='"$(subst /root/share/fluent-bit/,,$(abspath $<))"' -DFLB_HAVE_INOTIFY    CMakeFiles/cmTryCompileExec35267782.dir/src.c.o  -o cmTryCompileExec35267782 -rdynamic 
gmake[1]: Leaving directory `/root/share/fluent-bit/bin/CMakeFiles/CMakeTmp'

Source file was:

    #include <sys/inotify.h>
    int main() {
        return inotify_init1(0);
    }
